# JRE version: Java(TM) SE Runtime Environment (7.0_75-b13) (build 1.7.0_75-b13)
# Java VM: Java HotSpot(TM) Client VM (24.75-b04 mixed mode, sharing windows-x86 )
Heap
 def new generation   total 4928K, used 768K [0x23c00000, 0x24150000, 0x29150000)
  eden space 4416K,  13% used [0x23c00000, 0x23c96040, 0x24050000)
  from space 512K,  32% used [0x24050000, 0x2407a150, 0x240d0000)
  to   space 512K,   0% used [0x240d0000, 0x240d0000, 0x24150000)
 tenured generation   total 10944K, used 4022K [0x29150000, 0x29c00000, 0x33c00000)
   the space 10944K,  36% used [0x29150000, 0x2953d978, 0x2953da00, 0x29c00000)
 compacting perm gen  total 12288K, used 1272K [0x33c00000, 0x34800000, 0x37c00000)
   the space 12288K,  10% used [0x33c00000, 0x33d3e090, 0x33d3e200, 0x34800000)
    ro space 10240K,  42% used [0x37c00000, 0x38035758, 0x38035800, 0x38600000)
    rw space 12288K,  51% used [0x38600000, 0x38c3b548, 0x38c3b600, 0x39200000)
GC Heap History (10 events):
Event: 7.305 GC heap before
{Heap before GC invocations=3 (full 0):
 def new generation   total 4928K, used 4619K [0x23c00000, 0x24150000, 0x29150000)
  eden space 4416K, 100% used [0x23c00000, 0x24050000, 0x24050000)
  from space 512K,  39% used [0x240d0000, 0x24102f00, 0x24150000)
  to   space 512K,   0% used [0x24050000, 0x24050000, 0x240d0000)
 tenured generation   total 10944K, used 4022K [0x29150000, 0x29c00000, 0x33c00000)
   the space 10944K,  36% used [0x29150000, 0x2953d978, 0x2953da00, 0x29c00000)
 compacting perm gen  total 12288K, used 1271K [0x33c00000, 0x34800000, 0x37c00000)
   the space 12288K,  10% used [0x33c00000, 0x33d3dd98, 0x33d3de00, 0x34800000)
    ro space 10240K,  42% used [0x37c00000, 0x38035758, 0x38035800, 0x38600000)
    rw space 12288K,  51% used [0x38600000, 0x38c3b548, 0x38c3b600, 0x39200000)
Event: 7.308 GC heap after
Heap after GC invocations=4 (full 0):
 def new generation   total 4928K, used 160K [0x23c00000, 0x24150000, 0x29150000)
  eden space 4416K,   0% used [0x23c00000, 0x23c00000, 0x24050000)
  from space 512K,  31% used [0x24050000, 0x24078190, 0x240d0000)
  to   space 512K,   0% used [0x240d0000, 0x240d0000, 0x24150000)
 tenured generation   total 10944K, used 4022K [0x29150000, 0x29c00000, 0x33c00000)
   the space 10944K,  36% used [0x29150000, 0x2953d978, 0x2953da00, 0x29c00000)
 compacting perm gen  total 12288K, used 1271K [0x33c00000, 0x34800000, 0x37c00000)
   the space 12288K,  10% used [0x33c00000, 0x33d3dd98, 0x33d3de00, 0x34800000)
    ro space 10240K,  42% used [0x37c00000, 0x38035758, 0x38035800, 0x38600000)
    rw space 12288K,  51% used [0x38600000, 0x38c3b548, 0x38c3b600, 0x39200000)
}
Event: 9.906 GC heap before
{Heap before GC invocations=4 (full 0):
 def new generation   total 4928K, used 4576K [0x23c00000, 0x24150000, 0x29150000)
  eden space 4416K, 100% used [0x23c00000, 0x24050000, 0x24050000)
  from space 512K,  31% used [0x24050000, 0x24078190, 0x240d0000)
  to   space 512K,   0% used [0x240d0000, 0x240d0000, 0x24150000)
 tenured generation   total 10944K, used 4022K [0x29150000, 0x29c00000, 0x33c00000)
   the space 10944K,  36% used [0x29150000, 0x2953d978, 0x2953da00, 0x29c00000)
 compacting perm gen  total 12288K, used 1271K [0x33c00000, 0x34800000, 0x37c00000)
   the space 12288K,  10% used [0x33c00000, 0x33d3de08, 0x33d3e000, 0x34800000)
    ro space 10240K,  42% used [0x37c00000, 0x38035758, 0x38035800, 0x38600000)
    rw space 12288K,  51% used [0x38600000, 0x38c3b548, 0x38c3b600, 0x39200000)
Event: 9.910 GC heap after
Heap after GC invocations=5 (full 0):
 def new generation   total 4928K, used 157K [0x23c00000, 0x24150000, 0x29150000)
  eden space 4416K,   0% used [0x23c00000, 0x23c00000, 0x24050000)
  from space 512K,  30% used [0x240d0000, 0x240f7598, 0x24150000)
  to   space 512K,   0% used [0x24050000, 0x24050000, 0x240d0000)
 tenured generation   total 10944K, used 4022K [0x29150000, 0x29c00000, 0x33c00000)
   the space 10944K,  36% used [0x29150000, 0x2953d978, 0x2953da00, 0x29c00000)
 compacting perm gen  total 12288K, used 1271K [0x33c00000, 0x34800000, 0x37c00000)
   the space 12288K,  10% used [0x33c00000, 0x33d3de08, 0x33d3e000, 0x34800000)
    ro space 10240K,  42% used [0x37c00000, 0x38035758, 0x38035800, 0x38600000)
    rw space 12288K,  51% used [0x38600000, 0x38c3b548, 0x38c3b600, 0x39200000)
}
Event: 12.371 GC heap before
{Heap before GC invocations=5 (full 0):
 def new generation   total 4928K, used 4573K [0x23c00000, 0x24150000, 0x29150000)
  eden space 4416K, 100% used [0x23c00000, 0x24050000, 0x24050000)
  from space 512K,  30% used [0x240d0000, 0x240f7598, 0x24150000)
  to   space 512K,   0% used [0x24050000, 0x24050000, 0x240d0000)
 tenured generation   total 10944K, used 4022K [0x29150000, 0x29c00000, 0x33c00000)
   the space 10944K,  36% used [0x29150000, 0x2953d978, 0x2953da00, 0x29c00000)
 compacting perm gen  total 12288K, used 1271K [0x33c00000, 0x34800000, 0x37c00000)
   the space 12288K,  10% used [0x33c00000, 0x33d3de58, 0x33d3e000, 0x34800000)
    ro space 10240K,  42% used [0x37c00000, 0x38035758, 0x38035800, 0x38600000)
    rw space 12288K,  51% used [0x38600000, 0x38c3b548, 0x38c3b600, 0x39200000)
Event: 12.374 GC heap after
Heap after GC invocations=6 (full 0):
 def new generation   total 4928K, used 159K [0x23c00000, 0x24150000, 0x29150000)
  eden space 4416K,   0% used [0x23c00000, 0x23c00000, 0x24050000)
  from space 512K,  31% used [0x24050000, 0x24077f58, 0x240d0000)
  to   space 512K,   0% used [0x240d0000, 0x240d0000, 0x24150000)
 tenured generation   total 10944K, used 4022K [0x29150000, 0x29c00000, 0x33c00000)
   the space 10944K,  36% used [0x29150000, 0x2953d978, 0x2953da00, 0x29c00000)
 compacting perm gen  total 12288K, used 1271K [0x33c00000, 0x34800000, 0x37c00000)
   the space 12288K,  10% used [0x33c00000, 0x33d3de58, 0x33d3e000, 0x34800000)
    ro space 10240K,  42% used [0x37c00000, 0x38035758, 0x38035800, 0x38600000)
    rw space 12288K,  51% used [0x38600000, 0x38c3b548, 0x38c3b600, 0x39200000)
}
Event: 14.972 GC heap before
{Heap before GC invocations=6 (full 0):
 def new generation   total 4928K, used 4575K [0x23c00000, 0x24150000, 0x29150000)
  eden space 4416K, 100% used [0x23c00000, 0x24050000, 0x24050000)
  from space 512K,  31% used [0x24050000, 0x24077f58, 0x240d0000)
  to   space 512K,   0% used [0x240d0000, 0x240d0000, 0x24150000)
 tenured generation   total 10944K, used 4022K [0x29150000, 0x29c00000, 0x33c00000)
   the space 10944K,  36% used [0x29150000, 0x2953d978, 0x2953da00, 0x29c00000)
 compacting perm gen  total 12288K, used 1271K [0x33c00000, 0x34800000, 0x37c00000)
   the space 12288K,  10% used [0x33c00000, 0x33d3df08, 0x33d3e000, 0x34800000)
    ro space 10240K,  42% used [0x37c00000, 0x38035758, 0x38035800, 0x38600000)
    rw space 12288K,  51% used [0x38600000, 0x38c3b548, 0x38c3b600, 0x39200000)
Event: 14.975 GC heap after
Heap after GC invocations=7 (full 0):
 def new generation   total 4928K, used 156K [0x23c00000, 0x24150000, 0x29150000)
  eden space 4416K,   0% used [0x23c00000, 0x23c00000, 0x24050000)
  from space 512K,  30% used [0x240d0000, 0x240f73e0, 0x24150000)
  to   space 512K,   0% used [0x24050000, 0x24050000, 0x240d0000)
 tenured generation   total 10944K, used 4022K [0x29150000, 0x29c00000, 0x33c00000)
   the space 10944K,  36% used [0x29150000, 0x2953d978, 0x2953da00, 0x29c00000)
 compacting perm gen  total 12288K, used 1271K [0x33c00000, 0x34800000, 0x37c00000)
   the space 12288K,  10% used [0x33c00000, 0x33d3df08, 0x33d3e000, 0x34800000)
    ro space 10240K,  42% used [0x37c00000, 0x38035758, 0x38035800, 0x38600000)
    rw space 12288K,  51% used [0x38600000, 0x38c3b548, 0x38c3b600, 0x39200000)
}
Event: 20.314 GC heap before
{Heap before GC invocations=7 (full 0):
 def new generation   total 4928K, used 4572K [0x23c00000, 0x24150000, 0x29150000)
  eden space 4416K, 100% used [0x23c00000, 0x24050000, 0x24050000)
  from space 512K,  30% used [0x240d0000, 0x240f73e0, 0x24150000)
  to   space 512K,   0% used [0x24050000, 0x24050000, 0x240d0000)
 tenured generation   total 10944K, used 4022K [0x29150000, 0x29c00000, 0x33c00000)
   the space 10944K,  36% used [0x29150000, 0x2953d978, 0x2953da00, 0x29c00000)
 compacting perm gen  total 12288K, used 1272K [0x33c00000, 0x34800000, 0x37c00000)
   the space 12288K,  10% used [0x33c00000, 0x33d3e090, 0x33d3e200, 0x34800000)
    ro space 10240K,  42% used [0x37c00000, 0x38035758, 0x38035800, 0x38600000)
    rw space 12288K,  51% used [0x38600000, 0x38c3b548, 0x38c3b600, 0x39200000)
Event: 20.318 GC heap after
Heap after GC invocations=8 (full 0):
 def new generation   total 4928K, used 168K [0x23c00000, 0x24150000, 0x29150000)
  eden space 4416K,   0% used [0x23c00000, 0x23c00000, 0x24050000)
  from space 512K,  32% used [0x24050000, 0x2407a150, 0x240d0000)
  to   space 512K,   0% used [0x240d0000, 0x240d0000, 0x24150000)
 tenured generation   total 10944K, used 4022K [0x29150000, 0x29c00000, 0x33c00000)
   the space 10944K,  36% used [0x29150000, 0x2953d978, 0x2953da00, 0x29c00000)
 compacting perm gen  total 12288K, used 1272K [0x33c00000, 0x34800000, 0x37c00000)
   the space 12288K,  10% used [0x33c00000, 0x33d3e090, 0x33d3e200, 0x34800000)
    ro space 10240K,  42% used [0x37c00000, 0x38035758, 0x38035800, 0x38600000)
    rw space 12288K,  51% used [0x38600000, 0x38c3b548, 0x38c3b600, 0x39200000)
}

