# JRE version: 7.0_09-b05
# Java VM: Java HotSpot(TM) Client VM (23.5-b02 mixed mode, sharing windows-x86 )
Heap
 def new generation   total 4928K, used 1320K [0x23b40000, 0x24090000, 0x29090000)
  eden space 4416K,  28% used [0x23b40000, 0x23c7fd10, 0x23f90000)
  from space 512K,   8% used [0x24010000, 0x2401a5e8, 0x24090000)
  to   space 512K,   0% used [0x23f90000, 0x23f90000, 0x24010000)
 tenured generation   total 10944K, used 1169K [0x29090000, 0x29b40000, 0x33b40000)
   the space 10944K,  10% used [0x29090000, 0x291b4600, 0x291b4600, 0x29b40000)
 compacting perm gen  total 12288K, used 1303K [0x33b40000, 0x34740000, 0x37b40000)
   the space 12288K,  10% used [0x33b40000, 0x33c85d48, 0x33c85e00, 0x34740000)
    ro space 10240K,  42% used [0x37b40000, 0x37f80348, 0x37f80400, 0x38540000)
    rw space 12288K,  54% used [0x38540000, 0x38bc06f0, 0x38bc0800, 0x39140000)
GC Heap History (10 events):
Event: 112.341 GC heap before
{Heap before GC invocations=6 (full 0):
 def new generation   total 4928K, used 4455K [0x23b40000, 0x24090000, 0x29090000)
  eden space 4416K, 100% used [0x23b40000, 0x23f90000, 0x23f90000)
  from space 512K,   7% used [0x23f90000, 0x23f99e40, 0x24010000)
  to   space 512K,   0% used [0x24010000, 0x24010000, 0x24090000)
 tenured generation   total 10944K, used 1169K [0x29090000, 0x29b40000, 0x33b40000)
   the space 10944K,  10% used [0x29090000, 0x291b4600, 0x291b4600, 0x29b40000)
 compacting perm gen  total 12288K, used 1302K [0x33b40000, 0x34740000, 0x37b40000)
   the space 12288K,  10% used [0x33b40000, 0x33c859f0, 0x33c85a00, 0x34740000)
    ro space 10240K,  42% used [0x37b40000, 0x37f80348, 0x37f80400, 0x38540000)
    rw space 12288K,  54% used [0x38540000, 0x38bc06f0, 0x38bc0800, 0x39140000)
Event: 112.342 GC heap after
Heap after GC invocations=7 (full 0):
 def new generation   total 4928K, used 40K [0x23b40000, 0x24090000, 0x29090000)
  eden space 4416K,   0% used [0x23b40000, 0x23b40000, 0x23f90000)
  from space 512K,   7% used [0x24010000, 0x2401a1d8, 0x24090000)
  to   space 512K,   0% used [0x23f90000, 0x23f90000, 0x24010000)
 tenured generation   total 10944K, used 1169K [0x29090000, 0x29b40000, 0x33b40000)
   the space 10944K,  10% used [0x29090000, 0x291b4600, 0x291b4600, 0x29b40000)
 compacting perm gen  total 12288K, used 1302K [0x33b40000, 0x34740000, 0x37b40000)
   the space 12288K,  10% used [0x33b40000, 0x33c859f0, 0x33c85a00, 0x34740000)
    ro space 10240K,  42% used [0x37b40000, 0x37f80348, 0x37f80400, 0x38540000)
    rw space 12288K,  54% used [0x38540000, 0x38bc06f0, 0x38bc0800, 0x39140000)
}
Event: 118.682 GC heap before
{Heap before GC invocations=7 (full 0):
 def new generation   total 4928K, used 4456K [0x23b40000, 0x24090000, 0x29090000)
  eden space 4416K, 100% used [0x23b40000, 0x23f90000, 0x23f90000)
  from space 512K,   7% used [0x24010000, 0x2401a1d8, 0x24090000)
  to   space 512K,   0% used [0x23f90000, 0x23f90000, 0x24010000)
 tenured generation   total 10944K, used 1169K [0x29090000, 0x29b40000, 0x33b40000)
   the space 10944K,  10% used [0x29090000, 0x291b4600, 0x291b4600, 0x29b40000)
 compacting perm gen  total 12288K, used 1302K [0x33b40000, 0x34740000, 0x37b40000)
   the space 12288K,  10% used [0x33b40000, 0x33c85a00, 0x33c85a00, 0x34740000)
    ro space 10240K,  42% used [0x37b40000, 0x37f80348, 0x37f80400, 0x38540000)
    rw space 12288K,  54% used [0x38540000, 0x38bc06f0, 0x38bc0800, 0x39140000)
Event: 118.684 GC heap after
Heap after GC invocations=8 (full 0):
 def new generation   total 4928K, used 42K [0x23b40000, 0x24090000, 0x29090000)
  eden space 4416K,   0% used [0x23b40000, 0x23b40000, 0x23f90000)
  from space 512K,   8% used [0x23f90000, 0x23f9a860, 0x24010000)
  to   space 512K,   0% used [0x24010000, 0x24010000, 0x24090000)
 tenured generation   total 10944K, used 1169K [0x29090000, 0x29b40000, 0x33b40000)
   the space 10944K,  10% used [0x29090000, 0x291b4600, 0x291b4600, 0x29b40000)
 compacting perm gen  total 12288K, used 1302K [0x33b40000, 0x34740000, 0x37b40000)
   the space 12288K,  10% used [0x33b40000, 0x33c85a00, 0x33c85a00, 0x34740000)
    ro space 10240K,  42% used [0x37b40000, 0x37f80348, 0x37f80400, 0x38540000)
    rw space 12288K,  54% used [0x38540000, 0x38bc06f0, 0x38bc0800, 0x39140000)
}
Event: 124.817 GC heap before
{Heap before GC invocations=8 (full 0):
 def new generation   total 4928K, used 4458K [0x23b40000, 0x24090000, 0x29090000)
  eden space 4416K, 100% used [0x23b40000, 0x23f90000, 0x23f90000)
  from space 512K,   8% used [0x23f90000, 0x23f9a860, 0x24010000)
  to   space 512K,   0% used [0x24010000, 0x24010000, 0x24090000)
 tenured generation   total 10944K, used 1169K [0x29090000, 0x29b40000, 0x33b40000)
   the space 10944K,  10% used [0x29090000, 0x291b4600, 0x291b4600, 0x29b40000)
 compacting perm gen  total 12288K, used 1302K [0x33b40000, 0x34740000, 0x37b40000)
   the space 12288K,  10% used [0x33b40000, 0x33c85a00, 0x33c85a00, 0x34740000)
    ro space 10240K,  42% used [0x37b40000, 0x37f80348, 0x37f80400, 0x38540000)
    rw space 12288K,  54% used [0x38540000, 0x38bc06f0, 0x38bc0800, 0x39140000)
Event: 124.819 GC heap after
Heap after GC invocations=9 (full 0):
 def new generation   total 4928K, used 40K [0x23b40000, 0x24090000, 0x29090000)
  eden space 4416K,   0% used [0x23b40000, 0x23b40000, 0x23f90000)
  from space 512K,   7% used [0x24010000, 0x2401a398, 0x24090000)
  to   space 512K,   0% used [0x23f90000, 0x23f90000, 0x24010000)
 tenured generation   total 10944K, used 1169K [0x29090000, 0x29b40000, 0x33b40000)
   the space 10944K,  10% used [0x29090000, 0x291b4600, 0x291b4600, 0x29b40000)
 compacting perm gen  total 12288K, used 1302K [0x33b40000, 0x34740000, 0x37b40000)
   the space 12288K,  10% used [0x33b40000, 0x33c85a00, 0x33c85a00, 0x34740000)
    ro space 10240K,  42% used [0x37b40000, 0x37f80348, 0x37f80400, 0x38540000)
    rw space 12288K,  54% used [0x38540000, 0x38bc06f0, 0x38bc0800, 0x39140000)
}
Event: 131.063 GC heap before
{Heap before GC invocations=9 (full 0):
 def new generation   total 4928K, used 4456K [0x23b40000, 0x24090000, 0x29090000)
  eden space 4416K, 100% used [0x23b40000, 0x23f90000, 0x23f90000)
  from space 512K,   7% used [0x24010000, 0x2401a398, 0x24090000)
  to   space 512K,   0% used [0x23f90000, 0x23f90000, 0x24010000)
 tenured generation   total 10944K, used 1169K [0x29090000, 0x29b40000, 0x33b40000)
   the space 10944K,  10% used [0x29090000, 0x291b4600, 0x291b4600, 0x29b40000)
 compacting perm gen  total 12288K, used 1302K [0x33b40000, 0x34740000, 0x37b40000)
   the space 12288K,  10% used [0x33b40000, 0x33c85a00, 0x33c85a00, 0x34740000)
    ro space 10240K,  42% used [0x37b40000, 0x37f80348, 0x37f80400, 0x38540000)
    rw space 12288K,  54% used [0x38540000, 0x38bc06f0, 0x38bc0800, 0x39140000)
Event: 131.064 GC heap after
Heap after GC invocations=10 (full 0):
 def new generation   total 4928K, used 39K [0x23b40000, 0x24090000, 0x29090000)
  eden space 4416K,   0% used [0x23b40000, 0x23b40000, 0x23f90000)
  from space 512K,   7% used [0x23f90000, 0x23f99e68, 0x24010000)
  to   space 512K,   0% used [0x24010000, 0x24010000, 0x24090000)
 tenured generation   total 10944K, used 1169K [0x29090000, 0x29b40000, 0x33b40000)
   the space 10944K,  10% used [0x29090000, 0x291b4600, 0x291b4600, 0x29b40000)
 compacting perm gen  total 12288K, used 1302K [0x33b40000, 0x34740000, 0x37b40000)
   the space 12288K,  10% used [0x33b40000, 0x33c85a00, 0x33c85a00, 0x34740000)
    ro space 10240K,  42% used [0x37b40000, 0x37f80348, 0x37f80400, 0x38540000)
    rw space 12288K,  54% used [0x38540000, 0x38bc06f0, 0x38bc0800, 0x39140000)
}
Event: 143.210 GC heap before
{Heap before GC invocations=10 (full 0):
 def new generation   total 4928K, used 4455K [0x23b40000, 0x24090000, 0x29090000)
  eden space 4416K, 100% used [0x23b40000, 0x23f90000, 0x23f90000)
  from space 512K,   7% used [0x23f90000, 0x23f99e68, 0x24010000)
  to   space 512K,   0% used [0x24010000, 0x24010000, 0x24090000)
 tenured generation   total 10944K, used 1169K [0x29090000, 0x29b40000, 0x33b40000)
   the space 10944K,  10% used [0x29090000, 0x291b4600, 0x291b4600, 0x29b40000)
 compacting perm gen  total 12288K, used 1302K [0x33b40000, 0x34740000, 0x37b40000)
   the space 12288K,  10% used [0x33b40000, 0x33c85a50, 0x33c85c00, 0x34740000)
    ro space 10240K,  42% used [0x37b40000, 0x37f80348, 0x37f80400, 0x38540000)
    rw space 12288K,  54% used [0x38540000, 0x38bc06f0, 0x38bc0800, 0x39140000)
Event: 143.211 GC heap after
Heap after GC invocations=11 (full 0):
 def new generation   total 4928K, used 41K [0x23b40000, 0x24090000, 0x29090000)
  eden space 4416K,   0% used [0x23b40000, 0x23b40000, 0x23f90000)
  from space 512K,   8% used [0x24010000, 0x2401a5e8, 0x24090000)
  to   space 512K,   0% used [0x23f90000, 0x23f90000, 0x24010000)
 tenured generation   total 10944K, used 1169K [0x29090000, 0x29b40000, 0x33b40000)
   the space 10944K,  10% used [0x29090000, 0x291b4600, 0x291b4600, 0x29b40000)
 compacting perm gen  total 12288K, used 1302K [0x33b40000, 0x34740000, 0x37b40000)
   the space 12288K,  10% used [0x33b40000, 0x33c85a50, 0x33c85c00, 0x34740000)
    ro space 10240K,  42% used [0x37b40000, 0x37f80348, 0x37f80400, 0x38540000)
    rw space 12288K,  54% used [0x38540000, 0x38bc06f0, 0x38bc0800, 0x39140000)
}

