# JRE version: 7.0_09-b05
# Java VM: Java HotSpot(TM) Client VM (23.5-b02 mixed mode, sharing windows-x86 )
Heap
 def new generation   total 4928K, used 1957K [0x23b40000, 0x24090000, 0x29090000)
  eden space 4416K,  43% used [0x23b40000, 0x23d1d2d0, 0x23f90000)
  from space 512K,   9% used [0x23f90000, 0x23f9c3d8, 0x24010000)
  to   space 512K,   0% used [0x24010000, 0x24010000, 0x24090000)
 tenured generation   total 10944K, used 1158K [0x29090000, 0x29b40000, 0x33b40000)
   the space 10944K,  10% used [0x29090000, 0x291b1860, 0x291b1a00, 0x29b40000)
 compacting perm gen  total 12288K, used 1300K [0x33b40000, 0x34740000, 0x37b40000)
   the space 12288K,  10% used [0x33b40000, 0x33c853a8, 0x33c85400, 0x34740000)
    ro space 10240K,  42% used [0x37b40000, 0x37f80348, 0x37f80400, 0x38540000)
    rw space 12288K,  54% used [0x38540000, 0x38bc06f0, 0x38bc0800, 0x39140000)
GC Heap History (10 events):
Event: 85.442 GC heap before
{Heap before GC invocations=9 (full 0):
 def new generation   total 4928K, used 4457K [0x23b40000, 0x24090000, 0x29090000)
  eden space 4416K, 100% used [0x23b40000, 0x23f90000, 0x23f90000)
  from space 512K,   8% used [0x24010000, 0x2401a430, 0x24090000)
  to   space 512K,   0% used [0x23f90000, 0x23f90000, 0x24010000)
 tenured generation   total 10944K, used 1158K [0x29090000, 0x29b40000, 0x33b40000)
   the space 10944K,  10% used [0x29090000, 0x291b1860, 0x291b1a00, 0x29b40000)
 compacting perm gen  total 12288K, used 1300K [0x33b40000, 0x34740000, 0x37b40000)
   the space 12288K,  10% used [0x33b40000, 0x33c85050, 0x33c85200, 0x34740000)
    ro space 10240K,  42% used [0x37b40000, 0x37f80348, 0x37f80400, 0x38540000)
    rw space 12288K,  54% used [0x38540000, 0x38bc06f0, 0x38bc0800, 0x39140000)
Event: 85.444 GC heap after
Heap after GC invocations=10 (full 0):
 def new generation   total 4928K, used 41K [0x23b40000, 0x24090000, 0x29090000)
  eden space 4416K,   0% used [0x23b40000, 0x23b40000, 0x23f90000)
  from space 512K,   8% used [0x23f90000, 0x23f9a408, 0x24010000)
  to   space 512K,   0% used [0x24010000, 0x24010000, 0x24090000)
 tenured generation   total 10944K, used 1158K [0x29090000, 0x29b40000, 0x33b40000)
   the space 10944K,  10% used [0x29090000, 0x291b1860, 0x291b1a00, 0x29b40000)
 compacting perm gen  total 12288K, used 1300K [0x33b40000, 0x34740000, 0x37b40000)
   the space 12288K,  10% used [0x33b40000, 0x33c85050, 0x33c85200, 0x34740000)
    ro space 10240K,  42% used [0x37b40000, 0x37f80348, 0x37f80400, 0x38540000)
    rw space 12288K,  54% used [0x38540000, 0x38bc06f0, 0x38bc0800, 0x39140000)
}
Event: 94.284 GC heap before
{Heap before GC invocations=10 (full 0):
 def new generation   total 4928K, used 4457K [0x23b40000, 0x24090000, 0x29090000)
  eden space 4416K, 100% used [0x23b40000, 0x23f90000, 0x23f90000)
  from space 512K,   8% used [0x23f90000, 0x23f9a408, 0x24010000)
  to   space 512K,   0% used [0x24010000, 0x24010000, 0x24090000)
 tenured generation   total 10944K, used 1158K [0x29090000, 0x29b40000, 0x33b40000)
   the space 10944K,  10% used [0x29090000, 0x291b1860, 0x291b1a00, 0x29b40000)
 compacting perm gen  total 12288K, used 1300K [0x33b40000, 0x34740000, 0x37b40000)
   the space 12288K,  10% used [0x33b40000, 0x33c85050, 0x33c85200, 0x34740000)
    ro space 10240K,  42% used [0x37b40000, 0x37f80348, 0x37f80400, 0x38540000)
    rw space 12288K,  54% used [0x38540000, 0x38bc06f0, 0x38bc0800, 0x39140000)
Event: 94.285 GC heap after
Heap after GC invocations=11 (full 0):
 def new generation   total 4928K, used 39K [0x23b40000, 0x24090000, 0x29090000)
  eden space 4416K,   0% used [0x23b40000, 0x23b40000, 0x23f90000)
  from space 512K,   7% used [0x24010000, 0x24019e40, 0x24090000)
  to   space 512K,   0% used [0x23f90000, 0x23f90000, 0x24010000)
 tenured generation   total 10944K, used 1158K [0x29090000, 0x29b40000, 0x33b40000)
   the space 10944K,  10% used [0x29090000, 0x291b1860, 0x291b1a00, 0x29b40000)
 compacting perm gen  total 12288K, used 1300K [0x33b40000, 0x34740000, 0x37b40000)
   the space 12288K,  10% used [0x33b40000, 0x33c85050, 0x33c85200, 0x34740000)
    ro space 10240K,  42% used [0x37b40000, 0x37f80348, 0x37f80400, 0x38540000)
    rw space 12288K,  54% used [0x38540000, 0x38bc06f0, 0x38bc0800, 0x39140000)
}
Event: 110.673 GC heap before
{Heap before GC invocations=11 (full 0):
 def new generation   total 4928K, used 4455K [0x23b40000, 0x24090000, 0x29090000)
  eden space 4416K, 100% used [0x23b40000, 0x23f90000, 0x23f90000)
  from space 512K,   7% used [0x24010000, 0x24019e40, 0x24090000)
  to   space 512K,   0% used [0x23f90000, 0x23f90000, 0x24010000)
 tenured generation   total 10944K, used 1158K [0x29090000, 0x29b40000, 0x33b40000)
   the space 10944K,  10% used [0x29090000, 0x291b1860, 0x291b1a00, 0x29b40000)
 compacting perm gen  total 12288K, used 1300K [0x33b40000, 0x34740000, 0x37b40000)
   the space 12288K,  10% used [0x33b40000, 0x33c85388, 0x33c85400, 0x34740000)
    ro space 10240K,  42% used [0x37b40000, 0x37f80348, 0x37f80400, 0x38540000)
    rw space 12288K,  54% used [0x38540000, 0x38bc06f0, 0x38bc0800, 0x39140000)
Event: 110.674 GC heap after
Heap after GC invocations=12 (full 0):
 def new generation   total 4928K, used 50K [0x23b40000, 0x24090000, 0x29090000)
  eden space 4416K,   0% used [0x23b40000, 0x23b40000, 0x23f90000)
  from space 512K,   9% used [0x23f90000, 0x23f9ca98, 0x24010000)
  to   space 512K,   0% used [0x24010000, 0x24010000, 0x24090000)
 tenured generation   total 10944K, used 1158K [0x29090000, 0x29b40000, 0x33b40000)
   the space 10944K,  10% used [0x29090000, 0x291b1860, 0x291b1a00, 0x29b40000)
 compacting perm gen  total 12288K, used 1300K [0x33b40000, 0x34740000, 0x37b40000)
   the space 12288K,  10% used [0x33b40000, 0x33c85388, 0x33c85400, 0x34740000)
    ro space 10240K,  42% used [0x37b40000, 0x37f80348, 0x37f80400, 0x38540000)
    rw space 12288K,  54% used [0x38540000, 0x38bc06f0, 0x38bc0800, 0x39140000)
}
Event: 116.970 GC heap before
{Heap before GC invocations=12 (full 0):
 def new generation   total 4928K, used 4466K [0x23b40000, 0x24090000, 0x29090000)
  eden space 4416K, 100% used [0x23b40000, 0x23f90000, 0x23f90000)
  from space 512K,   9% used [0x23f90000, 0x23f9ca98, 0x24010000)
  to   space 512K,   0% used [0x24010000, 0x24010000, 0x24090000)
 tenured generation   total 10944K, used 1158K [0x29090000, 0x29b40000, 0x33b40000)
   the space 10944K,  10% used [0x29090000, 0x291b1860, 0x291b1a00, 0x29b40000)
 compacting perm gen  total 12288K, used 1300K [0x33b40000, 0x34740000, 0x37b40000)
   the space 12288K,  10% used [0x33b40000, 0x33c85388, 0x33c85400, 0x34740000)
    ro space 10240K,  42% used [0x37b40000, 0x37f80348, 0x37f80400, 0x38540000)
    rw space 12288K,  54% used [0x38540000, 0x38bc06f0, 0x38bc0800, 0x39140000)
Event: 116.971 GC heap after
Heap after GC invocations=13 (full 0):
 def new generation   total 4928K, used 48K [0x23b40000, 0x24090000, 0x29090000)
  eden space 4416K,   0% used [0x23b40000, 0x23b40000, 0x23f90000)
  from space 512K,   9% used [0x24010000, 0x2401c100, 0x24090000)
  to   space 512K,   0% used [0x23f90000, 0x23f90000, 0x24010000)
 tenured generation   total 10944K, used 1158K [0x29090000, 0x29b40000, 0x33b40000)
   the space 10944K,  10% used [0x29090000, 0x291b1860, 0x291b1a00, 0x29b40000)
 compacting perm gen  total 12288K, used 1300K [0x33b40000, 0x34740000, 0x37b40000)
   the space 12288K,  10% used [0x33b40000, 0x33c85388, 0x33c85400, 0x34740000)
    ro space 10240K,  42% used [0x37b40000, 0x37f80348, 0x37f80400, 0x38540000)
    rw space 12288K,  54% used [0x38540000, 0x38bc06f0, 0x38bc0800, 0x39140000)
}
Event: 123.974 GC heap before
{Heap before GC invocations=13 (full 0):
 def new generation   total 4928K, used 4464K [0x23b40000, 0x24090000, 0x29090000)
  eden space 4416K, 100% used [0x23b40000, 0x23f90000, 0x23f90000)
  from space 512K,   9% used [0x24010000, 0x2401c100, 0x24090000)
  to   space 512K,   0% used [0x23f90000, 0x23f90000, 0x24010000)
 tenured generation   total 10944K, used 1158K [0x29090000, 0x29b40000, 0x33b40000)
   the space 10944K,  10% used [0x29090000, 0x291b1860, 0x291b1a00, 0x29b40000)
 compacting perm gen  total 12288K, used 1300K [0x33b40000, 0x34740000, 0x37b40000)
   the space 12288K,  10% used [0x33b40000, 0x33c85388, 0x33c85400, 0x34740000)
    ro space 10240K,  42% used [0x37b40000, 0x37f80348, 0x37f80400, 0x38540000)
    rw space 12288K,  54% used [0x38540000, 0x38bc06f0, 0x38bc0800, 0x39140000)
Event: 123.976 GC heap after
Heap after GC invocations=14 (full 0):
 def new generation   total 4928K, used 48K [0x23b40000, 0x24090000, 0x29090000)
  eden space 4416K,   0% used [0x23b40000, 0x23b40000, 0x23f90000)
  from space 512K,   9% used [0x23f90000, 0x23f9c3d8, 0x24010000)
  to   space 512K,   0% used [0x24010000, 0x24010000, 0x24090000)
 tenured generation   total 10944K, used 1158K [0x29090000, 0x29b40000, 0x33b40000)
   the space 10944K,  10% used [0x29090000, 0x291b1860, 0x291b1a00, 0x29b40000)
 compacting perm gen  total 12288K, used 1300K [0x33b40000, 0x34740000, 0x37b40000)
   the space 12288K,  10% used [0x33b40000, 0x33c85388, 0x33c85400, 0x34740000)
    ro space 10240K,  42% used [0x37b40000, 0x37f80348, 0x37f80400, 0x38540000)
    rw space 12288K,  54% used [0x38540000, 0x38bc06f0, 0x38bc0800, 0x39140000)
}

