# JRE version: 7.0_09-b05
# Java VM: Java HotSpot(TM) Client VM (23.5-b02 mixed mode, sharing windows-x86 )
Heap
 def new generation   total 4928K, used 913K [0x23b40000, 0x24090000, 0x29090000)
  eden space 4416K,  18% used [0x23b40000, 0x23c0a340, 0x23f90000)
  from space 512K,  20% used [0x23f90000, 0x23faa2b8, 0x24010000)
  to   space 512K,   0% used [0x24010000, 0x24010000, 0x24090000)
 tenured generation   total 10944K, used 1170K [0x29090000, 0x29b40000, 0x33b40000)
   the space 10944K,  10% used [0x29090000, 0x291b4858, 0x291b4a00, 0x29b40000)
 compacting perm gen  total 12288K, used 1258K [0x33b40000, 0x34740000, 0x37b40000)
   the space 12288K,  10% used [0x33b40000, 0x33c7aa80, 0x33c7ac00, 0x34740000)
    ro space 10240K,  42% used [0x37b40000, 0x37f80348, 0x37f80400, 0x38540000)
    rw space 12288K,  54% used [0x38540000, 0x38bc06f0, 0x38bc0800, 0x39140000)
GC Heap History (4 events):
Event: 3.359 GC heap before
{Heap before GC invocations=0 (full 0):
 def new generation   total 4928K, used 4416K [0x23b40000, 0x24090000, 0x29090000)
  eden space 4416K, 100% used [0x23b40000, 0x23f90000, 0x23f90000)
  from space 512K,   0% used [0x23f90000, 0x23f90000, 0x24010000)
  to   space 512K,   0% used [0x24010000, 0x24010000, 0x24090000)
 tenured generation   total 10944K, used 0K [0x29090000, 0x29b40000, 0x33b40000)
   the space 10944K,   0% used [0x29090000, 0x29090000, 0x29090200, 0x29b40000)
 compacting perm gen  total 12288K, used 1060K [0x33b40000, 0x34740000, 0x37b40000)
   the space 12288K,   8% used [0x33b40000, 0x33c49110, 0x33c49200, 0x34740000)
    ro space 10240K,  42% used [0x37b40000, 0x37f80348, 0x37f80400, 0x38540000)
    rw space 12288K,  54% used [0x38540000, 0x38bc06f0, 0x38bc0800, 0x39140000)
Event: 3.371 GC heap after
Heap after GC invocations=1 (full 0):
 def new generation   total 4928K, used 512K [0x23b40000, 0x24090000, 0x29090000)
  eden space 4416K,   0% used [0x23b40000, 0x23b40000, 0x23f90000)
  from space 512K, 100% used [0x24010000, 0x24090000, 0x24090000)
  to   space 512K,   0% used [0x23f90000, 0x23f90000, 0x24010000)
 tenured generation   total 10944K, used 671K [0x29090000, 0x29b40000, 0x33b40000)
   the space 10944K,   6% used [0x29090000, 0x29137c38, 0x29137e00, 0x29b40000)
 compacting perm gen  total 12288K, used 1060K [0x33b40000, 0x34740000, 0x37b40000)
   the space 12288K,   8% used [0x33b40000, 0x33c49110, 0x33c49200, 0x34740000)
    ro space 10240K,  42% used [0x37b40000, 0x37f80348, 0x37f80400, 0x38540000)
    rw space 12288K,  54% used [0x38540000, 0x38bc06f0, 0x38bc0800, 0x39140000)
}
Event: 16.862 GC heap before
{Heap before GC invocations=1 (full 0):
 def new generation   total 4928K, used 4928K [0x23b40000, 0x24090000, 0x29090000)
  eden space 4416K, 100% used [0x23b40000, 0x23f90000, 0x23f90000)
  from space 512K, 100% used [0x24010000, 0x24090000, 0x24090000)
  to   space 512K,   0% used [0x23f90000, 0x23f90000, 0x24010000)
 tenured generation   total 10944K, used 671K [0x29090000, 0x29b40000, 0x33b40000)
   the space 10944K,   6% used [0x29090000, 0x29137c38, 0x29137e00, 0x29b40000)
 compacting perm gen  total 12288K, used 1257K [0x33b40000, 0x34740000, 0x37b40000)
   the space 12288K,  10% used [0x33b40000, 0x33c7a5f8, 0x33c7a600, 0x34740000)
    ro space 10240K,  42% used [0x37b40000, 0x37f80348, 0x37f80400, 0x38540000)
    rw space 12288K,  54% used [0x38540000, 0x38bc06f0, 0x38bc0800, 0x39140000)
Event: 16.870 GC heap after
Heap after GC invocations=2 (full 0):
 def new generation   total 4928K, used 104K [0x23b40000, 0x24090000, 0x29090000)
  eden space 4416K,   0% used [0x23b40000, 0x23b40000, 0x23f90000)
  from space 512K,  20% used [0x23f90000, 0x23faa2b8, 0x24010000)
  to   space 512K,   0% used [0x24010000, 0x24010000, 0x24090000)
 tenured generation   total 10944K, used 1170K [0x29090000, 0x29b40000, 0x33b40000)
   the space 10944K,  10% used [0x29090000, 0x291b4858, 0x291b4a00, 0x29b40000)
 compacting perm gen  total 12288K, used 1257K [0x33b40000, 0x34740000, 0x37b40000)
   the space 12288K,  10% used [0x33b40000, 0x33c7a5f8, 0x33c7a600, 0x34740000)
    ro space 10240K,  42% used [0x37b40000, 0x37f80348, 0x37f80400, 0x38540000)
    rw space 12288K,  54% used [0x38540000, 0x38bc06f0, 0x38bc0800, 0x39140000)
}

