# JRE version: Java(TM) SE Runtime Environment (8.0_92-b14) (build 1.8.0_92-b14)
# Java VM: Java HotSpot(TM) 64-Bit Server VM (25.92-b14 mixed mode windows-amd64 compressed oops)
Heap:
 PSYoungGen      total 18432K, used 13997K [0x00000000ebb80000, 0x00000000ed000000, 0x0000000100000000)
  eden space 15872K, 73% used [0x00000000ebb80000,0x00000000ec6ea190,0x00000000ecb00000)
  from space 2560K, 90% used [0x00000000ecd80000,0x00000000ecfc13d0,0x00000000ed000000)
  to   space 2560K, 0% used [0x00000000ecb00000,0x00000000ecb00000,0x00000000ecd80000)
 ParOldGen       total 42496K, used 7344K [0x00000000c3200000, 0x00000000c5b80000, 0x00000000ebb80000)
  object space 42496K, 17% used [0x00000000c3200000,0x00000000c392c1c8,0x00000000c5b80000)
 Metaspace       used 12968K, capacity 13216K, committed 13568K, reserved 1060864K
  class space    used 1608K, capacity 1706K, committed 1792K, reserved 1048576K
GC Heap History (4 events):
Event: 94.339 GC heap before
{Heap before GC invocations=1 (full 0):
 PSYoungGen      total 18432K, used 15872K [0x00000000ebb80000, 0x00000000ed000000, 0x0000000100000000)
  eden space 15872K, 100% used [0x00000000ebb80000,0x00000000ecb00000,0x00000000ecb00000)
  from space 2560K, 0% used [0x00000000ecd80000,0x00000000ecd80000,0x00000000ed000000)
  to   space 2560K, 0% used [0x00000000ecb00000,0x00000000ecb00000,0x00000000ecd80000)
 ParOldGen       total 42496K, used 0K [0x00000000c3200000, 0x00000000c5b80000, 0x00000000ebb80000)
  object space 42496K, 0% used [0x00000000c3200000,0x00000000c3200000,0x00000000c5b80000)
 Metaspace       used 12761K, capacity 13024K, committed 13312K, reserved 1060864K
  class space    used 1603K, capacity 1706K, committed 1792K, reserved 1048576K
Event: 94.348 GC heap after
Heap after GC invocations=1 (full 0):
 PSYoungGen      total 18432K, used 2208K [0x00000000ebb80000, 0x00000000ed000000, 0x0000000100000000)
  eden space 15872K, 0% used [0x00000000ebb80000,0x00000000ebb80000,0x00000000ecb00000)
  from space 2560K, 86% used [0x00000000ecb00000,0x00000000ecd28020,0x00000000ecd80000)
  to   space 2560K, 0% used [0x00000000ecd80000,0x00000000ecd80000,0x00000000ed000000)
 ParOldGen       total 42496K, used 7336K [0x00000000c3200000, 0x00000000c5b80000, 0x00000000ebb80000)
  object space 42496K, 17% used [0x00000000c3200000,0x00000000c392a1c8,0x00000000c5b80000)
 Metaspace       used 12761K, capacity 13024K, committed 13312K, reserved 1060864K
  class space    used 1603K, capacity 1706K, committed 1792K, reserved 1048576K
}
Event: 458.338 GC heap before
{Heap before GC invocations=2 (full 0):
 PSYoungGen      total 18432K, used 18080K [0x00000000ebb80000, 0x00000000ed000000, 0x0000000100000000)
  eden space 15872K, 100% used [0x00000000ebb80000,0x00000000ecb00000,0x00000000ecb00000)
  from space 2560K, 86% used [0x00000000ecb00000,0x00000000ecd28020,0x00000000ecd80000)
  to   space 2560K, 0% used [0x00000000ecd80000,0x00000000ecd80000,0x00000000ed000000)
 ParOldGen       total 42496K, used 7336K [0x00000000c3200000, 0x00000000c5b80000, 0x00000000ebb80000)
  object space 42496K, 17% used [0x00000000c3200000,0x00000000c392a1c8,0x00000000c5b80000)
 Metaspace       used 12926K, capacity 13216K, committed 13568K, reserved 1060864K
  class space    used 1608K, capacity 1706K, committed 1792K, reserved 1048576K
Event: 458.343 GC heap after
Heap after GC invocations=2 (full 0):
 PSYoungGen      total 18432K, used 2308K [0x00000000ebb80000, 0x00000000ed000000, 0x0000000100000000)
  eden space 15872K, 0% used [0x00000000ebb80000,0x00000000ebb80000,0x00000000ecb00000)
  from space 2560K, 90% used [0x00000000ecd80000,0x00000000ecfc13d0,0x00000000ed000000)
  to   space 2560K, 0% used [0x00000000ecb00000,0x00000000ecb00000,0x00000000ecd80000)
 ParOldGen       total 42496K, used 7344K [0x00000000c3200000, 0x00000000c5b80000, 0x00000000ebb80000)
  object space 42496K, 17% used [0x00000000c3200000,0x00000000c392c1c8,0x00000000c5b80000)
 Metaspace       used 12926K, capacity 13216K, committed 13568K, reserved 1060864K
  class space    used 1608K, capacity 1706K, committed 1792K, reserved 1048576K
}

