# JRE version: Java(TM) SE Runtime Environment (8.0_92-b14) (build 1.8.0_92-b14)
# Java VM: Java HotSpot(TM) 64-Bit Server VM (25.92-b14 mixed mode windows-amd64 compressed oops)
Heap:
 PSYoungGen      total 121856K, used 10521K [0x00000000ebb80000, 0x00000000f4880000, 0x0000000100000000)
  eden space 121344K, 8% used [0x00000000ebb80000,0x00000000ec55f8a0,0x00000000f3200000)
  from space 512K, 80% used [0x00000000f4800000,0x00000000f4866db0,0x00000000f4880000)
  to   space 1536K, 0% used [0x00000000f4580000,0x00000000f4580000,0x00000000f4700000)
 ParOldGen       total 42496K, used 6875K [0x00000000c3200000, 0x00000000c5b80000, 0x00000000ebb80000)
  object space 42496K, 16% used [0x00000000c3200000,0x00000000c38b6ef0,0x00000000c5b80000)
 Metaspace       used 13274K, capacity 13536K, committed 13824K, reserved 1060864K
  class space    used 1618K, capacity 1706K, committed 1792K, reserved 1048576K
GC Heap History (10 events):
Event: 19.491 GC heap before
{Heap before GC invocations=32 (full 0):
 PSYoungGen      total 120320K, used 119085K [0x00000000ebb80000, 0x00000000f4b80000, 0x0000000100000000)
  eden space 118784K, 100% used [0x00000000ebb80000,0x00000000f2f80000,0x00000000f2f80000)
  from space 1536K, 19% used [0x00000000f4880000,0x00000000f48cb7c0,0x00000000f4a00000)
  to   space 1536K, 0% used [0x00000000f4a00000,0x00000000f4a00000,0x00000000f4b80000)
 ParOldGen       total 42496K, used 6655K [0x00000000c3200000, 0x00000000c5b80000, 0x00000000ebb80000)
  object space 42496K, 15% used [0x00000000c3200000,0x00000000c387fee0,0x00000000c5b80000)
 Metaspace       used 13238K, capacity 13472K, committed 13824K, reserved 1060864K
  class space    used 1618K, capacity 1706K, committed 1792K, reserved 1048576K
Event: 19.503 GC heap after
Heap after GC invocations=32 (full 0):
 PSYoungGen      total 145920K, used 240K [0x00000000ebb80000, 0x00000000f5580000, 0x0000000100000000)
  eden space 144384K, 0% used [0x00000000ebb80000,0x00000000ebb80000,0x00000000f4880000)
  from space 1536K, 15% used [0x00000000f4a00000,0x00000000f4a3c000,0x00000000f4b80000)
  to   space 1536K, 0% used [0x00000000f4880000,0x00000000f4880000,0x00000000f4a00000)
 ParOldGen       total 42496K, used 6687K [0x00000000c3200000, 0x00000000c5b80000, 0x00000000ebb80000)
  object space 42496K, 15% used [0x00000000c3200000,0x00000000c3887ee0,0x00000000c5b80000)
 Metaspace       used 13238K, capacity 13472K, committed 13824K, reserved 1060864K
  class space    used 1618K, capacity 1706K, committed 1792K, reserved 1048576K
}
Event: 19.969 GC heap before
{Heap before GC invocations=33 (full 0):
 PSYoungGen      total 145920K, used 144624K [0x00000000ebb80000, 0x00000000f5580000, 0x0000000100000000)
  eden space 144384K, 100% used [0x00000000ebb80000,0x00000000f4880000,0x00000000f4880000)
  from space 1536K, 15% used [0x00000000f4a00000,0x00000000f4a3c000,0x00000000f4b80000)
  to   space 1536K, 0% used [0x00000000f4880000,0x00000000f4880000,0x00000000f4a00000)
 ParOldGen       total 42496K, used 6687K [0x00000000c3200000, 0x00000000c5b80000, 0x00000000ebb80000)
  object space 42496K, 15% used [0x00000000c3200000,0x00000000c3887ee0,0x00000000c5b80000)
 Metaspace       used 13241K, capacity 13472K, committed 13824K, reserved 1060864K
  class space    used 1618K, capacity 1706K, committed 1792K, reserved 1048576K
Event: 19.971 GC heap after
Heap after GC invocations=33 (full 0):
 PSYoungGen      total 138752K, used 306K [0x00000000ebb80000, 0x00000000f4a80000, 0x0000000100000000)
  eden space 138240K, 0% used [0x00000000ebb80000,0x00000000ebb80000,0x00000000f4280000)
  from space 512K, 59% used [0x00000000f4880000,0x00000000f48cc840,0x00000000f4900000)
  to   space 1536K, 0% used [0x00000000f4900000,0x00000000f4900000,0x00000000f4a80000)
 ParOldGen       total 42496K, used 6735K [0x00000000c3200000, 0x00000000c5b80000, 0x00000000ebb80000)
  object space 42496K, 15% used [0x00000000c3200000,0x00000000c3893ee0,0x00000000c5b80000)
 Metaspace       used 13241K, capacity 13472K, committed 13824K, reserved 1060864K
  class space    used 1618K, capacity 1706K, committed 1792K, reserved 1048576K
}
Event: 20.308 GC heap before
{Heap before GC invocations=34 (full 0):
 PSYoungGen      total 138752K, used 138546K [0x00000000ebb80000, 0x00000000f4a80000, 0x0000000100000000)
  eden space 138240K, 100% used [0x00000000ebb80000,0x00000000f4280000,0x00000000f4280000)
  from space 512K, 59% used [0x00000000f4880000,0x00000000f48cc840,0x00000000f4900000)
  to   space 1536K, 0% used [0x00000000f4900000,0x00000000f4900000,0x00000000f4a80000)
 ParOldGen       total 42496K, used 6735K [0x00000000c3200000, 0x00000000c5b80000, 0x00000000ebb80000)
  object space 42496K, 15% used [0x00000000c3200000,0x00000000c3893ee0,0x00000000c5b80000)
 Metaspace       used 13241K, capacity 13472K, committed 13824K, reserved 1060864K
  class space    used 1618K, capacity 1706K, committed 1792K, reserved 1048576K
Event: 20.310 GC heap after
Heap after GC invocations=34 (full 0):
 PSYoungGen      total 132608K, used 343K [0x00000000ebb80000, 0x00000000f4980000, 0x0000000100000000)
  eden space 132096K, 0% used [0x00000000ebb80000,0x00000000ebb80000,0x00000000f3c80000)
  from space 512K, 67% used [0x00000000f4900000,0x00000000f4955ca0,0x00000000f4980000)
  to   space 1536K, 0% used [0x00000000f4680000,0x00000000f4680000,0x00000000f4800000)
 ParOldGen       total 42496K, used 6803K [0x00000000c3200000, 0x00000000c5b80000, 0x00000000ebb80000)
  object space 42496K, 16% used [0x00000000c3200000,0x00000000c38a4ef0,0x00000000c5b80000)
 Metaspace       used 13241K, capacity 13472K, committed 13824K, reserved 1060864K
  class space    used 1618K, capacity 1706K, committed 1792K, reserved 1048576K
}
Event: 20.633 GC heap before
{Heap before GC invocations=35 (full 0):
 PSYoungGen      total 132608K, used 132439K [0x00000000ebb80000, 0x00000000f4980000, 0x0000000100000000)
  eden space 132096K, 100% used [0x00000000ebb80000,0x00000000f3c80000,0x00000000f3c80000)
  from space 512K, 67% used [0x00000000f4900000,0x00000000f4955ca0,0x00000000f4980000)
  to   space 1536K, 0% used [0x00000000f4680000,0x00000000f4680000,0x00000000f4800000)
 ParOldGen       total 42496K, used 6803K [0x00000000c3200000, 0x00000000c5b80000, 0x00000000ebb80000)
  object space 42496K, 16% used [0x00000000c3200000,0x00000000c38a4ef0,0x00000000c5b80000)
 Metaspace       used 13241K, capacity 13472K, committed 13824K, reserved 1060864K
  class space    used 1618K, capacity 1706K, committed 1792K, reserved 1048576K
Event: 20.634 GC heap after
Heap after GC invocations=35 (full 0):
 PSYoungGen      total 128000K, used 377K [0x00000000ebb80000, 0x00000000f4980000, 0x0000000100000000)
  eden space 126464K, 0% used [0x00000000ebb80000,0x00000000ebb80000,0x00000000f3700000)
  from space 1536K, 24% used [0x00000000f4680000,0x00000000f46de540,0x00000000f4800000)
  to   space 1536K, 0% used [0x00000000f4800000,0x00000000f4800000,0x00000000f4980000)
 ParOldGen       total 42496K, used 6835K [0x00000000c3200000, 0x00000000c5b80000, 0x00000000ebb80000)
  object space 42496K, 16% used [0x00000000c3200000,0x00000000c38acef0,0x00000000c5b80000)
 Metaspace       used 13241K, capacity 13472K, committed 13824K, reserved 1060864K
  class space    used 1618K, capacity 1706K, committed 1792K, reserved 1048576K
}
Event: 20.968 GC heap before
{Heap before GC invocations=36 (full 0):
 PSYoungGen      total 128000K, used 126841K [0x00000000ebb80000, 0x00000000f4980000, 0x0000000100000000)
  eden space 126464K, 100% used [0x00000000ebb80000,0x00000000f3700000,0x00000000f3700000)
  from space 1536K, 24% used [0x00000000f4680000,0x00000000f46de540,0x00000000f4800000)
  to   space 1536K, 0% used [0x00000000f4800000,0x00000000f4800000,0x00000000f4980000)
 ParOldGen       total 42496K, used 6835K [0x00000000c3200000, 0x00000000c5b80000, 0x00000000ebb80000)
  object space 42496K, 16% used [0x00000000c3200000,0x00000000c38acef0,0x00000000c5b80000)
 Metaspace       used 13243K, capacity 13472K, committed 13824K, reserved 1060864K
  class space    used 1618K, capacity 1706K, committed 1792K, reserved 1048576K
Event: 20.971 GC heap after
Heap after GC invocations=36 (full 0):
 PSYoungGen      total 121856K, used 411K [0x00000000ebb80000, 0x00000000f4880000, 0x0000000100000000)
  eden space 121344K, 0% used [0x00000000ebb80000,0x00000000ebb80000,0x00000000f3200000)
  from space 512K, 80% used [0x00000000f4800000,0x00000000f4866db0,0x00000000f4880000)
  to   space 1536K, 0% used [0x00000000f4580000,0x00000000f4580000,0x00000000f4700000)
 ParOldGen       total 42496K, used 6875K [0x00000000c3200000, 0x00000000c5b80000, 0x00000000ebb80000)
  object space 42496K, 16% used [0x00000000c3200000,0x00000000c38b6ef0,0x00000000c5b80000)
 Metaspace       used 13243K, capacity 13472K, committed 13824K, reserved 1060864K
  class space    used 1618K, capacity 1706K, committed 1792K, reserved 1048576K
}

